2023-08-30 00:54:13.712 INFO  org.hibernate.validator.internal.util.Version     :21   [32m                  [0;39m HV000001: Hibernate Validator 8.0.1.Final
2023-08-30 00:54:13.742 INFO  c.ranchuanyin.schoolcat.SchoolCatApplicationTests :51   [32m                  [0;39m Starting SchoolCatApplicationTests using Java 17.0.7 with PID 11108 (started by 冉船银 in E:\JavaProject\SchoolCat\schoolcat-backend)
2023-08-30 00:54:13.744 INFO  c.ranchuanyin.schoolcat.SchoolCatApplicationTests :632  [32m                  [0;39m No active profile set, falling back to 1 default profile: "default"
2023-08-30 00:54:14.366 INFO  o.s.d.r.config.RepositoryConfigurationDelegate    :291  [32m                  [0;39m Multiple Spring Data modules found, entering strict repository configuration mode
2023-08-30 00:54:14.370 INFO  o.s.d.r.config.RepositoryConfigurationDelegate    :138  [32m                  [0;39m Bootstrapping Spring Data JDBC repositories in DEFAULT mode.
2023-08-30 00:54:14.389 INFO  o.s.d.r.config.RepositoryConfigurationDelegate    :208  [32m                  [0;39m Finished Spring Data repository scanning in 15 ms. Found 0 JDBC repository interfaces.
2023-08-30 00:54:14.403 INFO  o.s.d.r.config.RepositoryConfigurationDelegate    :291  [32m                  [0;39m Multiple Spring Data modules found, entering strict repository configuration mode
2023-08-30 00:54:14.406 INFO  o.s.d.r.config.RepositoryConfigurationDelegate    :138  [32m                  [0;39m Bootstrapping Spring Data Redis repositories in DEFAULT mode.
2023-08-30 00:54:14.423 INFO  o.s.d.r.config.RepositoryConfigurationDelegate    :208  [32m                  [0;39m Finished Spring Data repository scanning in 6 ms. Found 0 Redis repository interfaces.
2023-08-30 00:54:16.539 INFO  o.s.security.web.DefaultSecurityFilterChain       :54   [32m                  [0;39m Will secure any request with [org.springframework.security.web.session.DisableEncodeUrlFilter@465d1345, org.springframework.security.web.context.request.async.WebAsyncManagerIntegrationFilter@62cf86d6, org.springframework.security.web.context.SecurityContextHolderFilter@4efed0e0, org.springframework.security.web.header.HeaderWriterFilter@614cbec4, org.springframework.web.filter.CorsFilter@2a6c751f, org.springframework.security.web.authentication.logout.LogoutFilter@543d2ef3, com.ranchuanyin.schoolcat.filter.JWTCalibrationFilter@7e89eba7, com.ranchuanyin.schoolcat.filter.AuthorizeFilter@7b29cdea, org.springframework.security.web.authentication.UsernamePasswordAuthenticationFilter@4cacccbf, org.springframework.security.web.savedrequest.RequestCacheAwareFilter@5c7c75fb, org.springframework.security.web.servletapi.SecurityContextHolderAwareRequestFilter@729d6ee2, org.springframework.security.web.authentication.rememberme.RememberMeAuthenticationFilter@114b2414, org.springframework.security.web.authentication.AnonymousAuthenticationFilter@6dd2e453, org.springframework.security.web.access.ExceptionTranslationFilter@bea5941, org.springframework.security.web.access.intercept.AuthorizationFilter@311a09b2]
2023-08-30 00:54:17.342 INFO  com.zaxxer.hikari.HikariDataSource                :110  [32m                  [0;39m HikariPool-1 - Starting...
2023-08-30 00:54:18.134 INFO  com.zaxxer.hikari.pool.HikariPool                 :565  [32m                  [0;39m HikariPool-1 - Added connection com.mysql.cj.jdbc.ConnectionImpl@5d035ab6
2023-08-30 00:54:18.136 INFO  com.zaxxer.hikari.HikariDataSource                :123  [32m                  [0;39m HikariPool-1 - Start completed.
2023-08-30 00:54:18.432 INFO  c.ranchuanyin.schoolcat.SchoolCatApplicationTests :57   [32m                  [0;39m Started SchoolCatApplicationTests in 5.017 seconds (process running for 5.922)
2023-08-30 00:54:23.480 INFO  com.zaxxer.hikari.HikariDataSource                :350  [32m                  [0;39m HikariPool-1 - Shutdown initiated...
2023-08-30 00:54:23.485 INFO  com.zaxxer.hikari.HikariDataSource                :352  [32m                  [0;39m HikariPool-1 - Shutdown completed.
2023-08-30 16:05:39.285 INFO  org.hibernate.validator.internal.util.Version     :21   [32m                  [0;39m HV000001: Hibernate Validator 8.0.1.Final
2023-08-30 16:05:39.316 INFO  c.ranchuanyin.schoolcat.SchoolCatApplicationTests :51   [32m                  [0;39m Starting SchoolCatApplicationTests using Java 17.0.7 with PID 14008 (started by 冉船银 in E:\JavaProject\SchoolCat\schoolcat-backend)
2023-08-30 16:05:39.317 INFO  c.ranchuanyin.schoolcat.SchoolCatApplicationTests :632  [32m                  [0;39m No active profile set, falling back to 1 default profile: "default"
2023-08-30 16:05:39.905 INFO  o.s.d.r.config.RepositoryConfigurationDelegate    :291  [32m                  [0;39m Multiple Spring Data modules found, entering strict repository configuration mode
2023-08-30 16:05:39.906 INFO  o.s.d.r.config.RepositoryConfigurationDelegate    :138  [32m                  [0;39m Bootstrapping Spring Data JDBC repositories in DEFAULT mode.
2023-08-30 16:05:39.924 INFO  o.s.d.r.config.RepositoryConfigurationDelegate    :208  [32m                  [0;39m Finished Spring Data repository scanning in 13 ms. Found 0 JDBC repository interfaces.
2023-08-30 16:05:39.939 INFO  o.s.d.r.config.RepositoryConfigurationDelegate    :291  [32m                  [0;39m Multiple Spring Data modules found, entering strict repository configuration mode
2023-08-30 16:05:39.940 INFO  o.s.d.r.config.RepositoryConfigurationDelegate    :138  [32m                  [0;39m Bootstrapping Spring Data Redis repositories in DEFAULT mode.
2023-08-30 16:05:39.958 INFO  o.s.d.r.config.RepositoryConfigurationDelegate    :208  [32m                  [0;39m Finished Spring Data repository scanning in 6 ms. Found 0 Redis repository interfaces.
2023-08-30 16:05:41.756 INFO  o.s.security.web.DefaultSecurityFilterChain       :54   [32m                  [0;39m Will secure any request with [org.springframework.security.web.session.DisableEncodeUrlFilter@28f8ce2e, org.springframework.security.web.context.request.async.WebAsyncManagerIntegrationFilter@2c0a3826, org.springframework.security.web.context.SecurityContextHolderFilter@278cb145, org.springframework.security.web.header.HeaderWriterFilter@39f68aec, org.springframework.web.filter.CorsFilter@4af0c50, org.springframework.security.web.authentication.logout.LogoutFilter@515c732d, com.ranchuanyin.schoolcat.filter.JWTCalibrationFilter@185339ed, com.ranchuanyin.schoolcat.filter.AuthorizeFilter@4470106b, org.springframework.security.web.authentication.UsernamePasswordAuthenticationFilter@36a1fd20, org.springframework.security.web.savedrequest.RequestCacheAwareFilter@351c6341, org.springframework.security.web.servletapi.SecurityContextHolderAwareRequestFilter@32069394, org.springframework.security.web.authentication.rememberme.RememberMeAuthenticationFilter@57afe44b, org.springframework.security.web.authentication.AnonymousAuthenticationFilter@5ffd35dd, org.springframework.security.web.access.ExceptionTranslationFilter@270f7b4d, org.springframework.security.web.access.intercept.AuthorizationFilter@34f48d1]
2023-08-30 16:05:42.616 INFO  com.zaxxer.hikari.HikariDataSource                :110  [32m                  [0;39m HikariPool-1 - Starting...
2023-08-30 16:05:43.315 INFO  com.zaxxer.hikari.pool.HikariPool                 :565  [32m                  [0;39m HikariPool-1 - Added connection com.mysql.cj.jdbc.ConnectionImpl@5a9ef32e
2023-08-30 16:05:43.317 INFO  com.zaxxer.hikari.HikariDataSource                :123  [32m                  [0;39m HikariPool-1 - Start completed.
2023-08-30 16:05:43.700 INFO  c.ranchuanyin.schoolcat.SchoolCatApplicationTests :57   [32m                  [0;39m Started SchoolCatApplicationTests in 4.711 seconds (process running for 5.596)
2023-08-30 16:05:48.914 INFO  com.zaxxer.hikari.HikariDataSource                :350  [32m                  [0;39m HikariPool-1 - Shutdown initiated...
2023-08-30 16:05:48.918 INFO  com.zaxxer.hikari.HikariDataSource                :352  [32m                  [0;39m HikariPool-1 - Shutdown completed.
2023-08-30 16:10:33.818 INFO  org.hibernate.validator.internal.util.Version     :21   [32m                  [0;39m HV000001: Hibernate Validator 8.0.1.Final
2023-08-30 16:10:33.849 INFO  c.ranchuanyin.schoolcat.SchoolCatApplicationTests :51   [32m                  [0;39m Starting SchoolCatApplicationTests using Java 17.0.7 with PID 12816 (started by 冉船银 in E:\JavaProject\SchoolCat\schoolcat-backend)
2023-08-30 16:10:33.850 INFO  c.ranchuanyin.schoolcat.SchoolCatApplicationTests :632  [32m                  [0;39m No active profile set, falling back to 1 default profile: "default"
2023-08-30 16:10:34.555 INFO  o.s.d.r.config.RepositoryConfigurationDelegate    :291  [32m                  [0;39m Multiple Spring Data modules found, entering strict repository configuration mode
2023-08-30 16:10:34.556 INFO  o.s.d.r.config.RepositoryConfigurationDelegate    :138  [32m                  [0;39m Bootstrapping Spring Data JDBC repositories in DEFAULT mode.
2023-08-30 16:10:34.574 INFO  o.s.d.r.config.RepositoryConfigurationDelegate    :208  [32m                  [0;39m Finished Spring Data repository scanning in 14 ms. Found 0 JDBC repository interfaces.
2023-08-30 16:10:34.588 INFO  o.s.d.r.config.RepositoryConfigurationDelegate    :291  [32m                  [0;39m Multiple Spring Data modules found, entering strict repository configuration mode
2023-08-30 16:10:34.592 INFO  o.s.d.r.config.RepositoryConfigurationDelegate    :138  [32m                  [0;39m Bootstrapping Spring Data Redis repositories in DEFAULT mode.
2023-08-30 16:10:34.606 INFO  o.s.d.r.config.RepositoryConfigurationDelegate    :208  [32m                  [0;39m Finished Spring Data repository scanning in 5 ms. Found 0 Redis repository interfaces.
2023-08-30 16:10:36.488 INFO  o.s.security.web.DefaultSecurityFilterChain       :54   [32m                  [0;39m Will secure any request with [org.springframework.security.web.session.DisableEncodeUrlFilter@311a09b2, org.springframework.security.web.context.request.async.WebAsyncManagerIntegrationFilter@4cacccbf, org.springframework.security.web.context.SecurityContextHolderFilter@70421a08, org.springframework.security.web.header.HeaderWriterFilter@2aa0feb2, org.springframework.web.filter.CorsFilter@301d84f6, org.springframework.security.web.authentication.logout.LogoutFilter@633a11eb, com.ranchuanyin.schoolcat.filter.JWTCalibrationFilter@68c4db77, com.ranchuanyin.schoolcat.filter.AuthorizeFilter@7b2e931, org.springframework.security.web.authentication.UsernamePasswordAuthenticationFilter@505a8582, org.springframework.security.web.savedrequest.RequestCacheAwareFilter@bea5941, org.springframework.security.web.servletapi.SecurityContextHolderAwareRequestFilter@df6f19b, org.springframework.security.web.authentication.rememberme.RememberMeAuthenticationFilter@4af0c50, org.springframework.security.web.authentication.AnonymousAuthenticationFilter@6f80cf5, org.springframework.security.web.access.ExceptionTranslationFilter@65ff4b8c, org.springframework.security.web.access.intercept.AuthorizationFilter@69ab2d6a]
2023-08-30 16:10:37.249 INFO  com.zaxxer.hikari.HikariDataSource                :110  [32m                  [0;39m HikariPool-1 - Starting...
2023-08-30 16:10:37.948 INFO  com.zaxxer.hikari.pool.HikariPool                 :565  [32m                  [0;39m HikariPool-1 - Added connection com.mysql.cj.jdbc.ConnectionImpl@4e782401
2023-08-30 16:10:37.950 INFO  com.zaxxer.hikari.HikariDataSource                :123  [32m                  [0;39m HikariPool-1 - Start completed.
2023-08-30 16:10:38.260 INFO  c.ranchuanyin.schoolcat.SchoolCatApplicationTests :57   [32m                  [0;39m Started SchoolCatApplicationTests in 4.773 seconds (process running for 5.597)
2023-08-30 16:10:43.321 INFO  com.zaxxer.hikari.HikariDataSource                :350  [32m                  [0;39m HikariPool-1 - Shutdown initiated...
2023-08-30 16:10:43.326 INFO  com.zaxxer.hikari.HikariDataSource                :352  [32m                  [0;39m HikariPool-1 - Shutdown completed.
